[Wed Sep 10 2014 23:49:56 GMT+0300 (IDT)] INFO 

[CAT] Initial LOG -----------------------------------------------------------------------
[Wed Sep 10 2014 23:49:56 GMT+0300 (IDT)] INFO [CAT] Initial CAT process: 2838
[Wed Sep 10 2014 23:49:56 GMT+0300 (IDT)] DEBUG [CAT] Initial, current location: /home/arik/dev/projects/lastboy/jqueryspa/cat-project
[Wed Sep 10 2014 23:49:56 GMT+0300 (IDT)] DEBUG [CAT] Initial, command line arguments: {"task":["t@clean","t@init","t@scrap","t@inject","t@server.start"],"argv":{"remain":[],"cooked":["--task","t@clean","--task","t@init","--task","t@scrap","--task","t@inject","--task","t@server.start"],"original":["-cbs"]},"home":{"path":"/home/arik/dev/projects/lastboy/catjs","working":{"path":"/home/arik/dev/projects/lastboy/jqueryspa/cat-project"}}}
[Wed Sep 10 2014 23:49:56 GMT+0300 (IDT)] INFO watch: false kill: -1 process: 2838
[Wed Sep 10 2014 23:49:56 GMT+0300 (IDT)] WARNING [CAT Config] Missing 'dependencies' configuration section
[Wed Sep 10 2014 23:49:56 GMT+0300 (IDT)] DEBUG "[cat config] Project's resource '/home/arik/dev/projects/lastboy/jqueryspa/cat-project/src/' already exists"
[Wed Sep 10 2014 23:49:56 GMT+0300 (IDT)] DEBUG "[cat config] Project's resource '/home/arik/dev/projects/lastboy/jqueryspa/cat-project/target/' already exists"
[Wed Sep 10 2014 23:49:56 GMT+0300 (IDT)] WARNING "[utils resolver] the object was partially resolved, check your query: scrapfilter"
[Wed Sep 10 2014 23:49:56 GMT+0300 (IDT)] WARNING "[cat config] No valid configuration, missing 'scrapfilter' entry"
[Wed Sep 10 2014 23:49:56 GMT+0300 (IDT)] WARNING "[utils resolver] the object was partially resolved, check your query: dependencies"
[Wed Sep 10 2014 23:49:56 GMT+0300 (IDT)] WARNING "[cat config] No valid configuration, missing 'dependencies' entry"
[Wed Sep 10 2014 23:49:56 GMT+0300 (IDT)] INFO [base extension] Initialized
[Wed Sep 10 2014 23:49:56 GMT+0300 (IDT)] INFO [CAT] running target: clean
[Wed Sep 10 2014 23:49:56 GMT+0300 (IDT)] DEBUG [Action] Instantiating action: clean
[Wed Sep 10 2014 23:49:56 GMT+0300 (IDT)] INFO [base extension] Initialized
[Wed Sep 10 2014 23:49:56 GMT+0300 (IDT)] INFO [CAT] running target: copy
[Wed Sep 10 2014 23:49:56 GMT+0300 (IDT)] DEBUG [Action] Instantiating action: copy
[Wed Sep 10 2014 23:49:57 GMT+0300 (IDT)] INFO [CAT] running target: libraries
[Wed Sep 10 2014 23:49:57 GMT+0300 (IDT)] DEBUG [Action] Instantiating action: libraries
[Wed Sep 10 2014 23:49:57 GMT+0300 (IDT)] INFO [CAT] running target: copy
[Wed Sep 10 2014 23:49:57 GMT+0300 (IDT)] DEBUG [Action] Instantiating action: copy
[Wed Sep 10 2014 23:49:57 GMT+0300 (IDT)] INFO [CAT] running target: fileparse
[Wed Sep 10 2014 23:49:57 GMT+0300 (IDT)] DEBUG [Action] Instantiating action: fileparse
[Wed Sep 10 2014 23:49:57 GMT+0300 (IDT)] INFO [CAT] running target: copy
[Wed Sep 10 2014 23:49:57 GMT+0300 (IDT)] DEBUG [Action] Instantiating action: copy
[Wed Sep 10 2014 23:49:57 GMT+0300 (IDT)] INFO [CAT] running target: scrap-common
[Wed Sep 10 2014 23:49:57 GMT+0300 (IDT)] DEBUG [Action] Instantiating action: scrap-common
[Wed Sep 10 2014 23:49:57 GMT+0300 (IDT)] INFO [CAT] running target: scrap-sencha
[Wed Sep 10 2014 23:49:57 GMT+0300 (IDT)] DEBUG [Action] Instantiating action: scrap-sencha
[Wed Sep 10 2014 23:49:57 GMT+0300 (IDT)] INFO [CAT] running target: scrap-jqm
[Wed Sep 10 2014 23:49:57 GMT+0300 (IDT)] DEBUG [Action] Instantiating action: scrap-jqm
[Wed Sep 10 2014 23:49:57 GMT+0300 (IDT)] INFO [CAT] running target: scrap-vnc
[Wed Sep 10 2014 23:49:57 GMT+0300 (IDT)] DEBUG [Action] Instantiating action: scrap-vnc
[Wed Sep 10 2014 23:49:57 GMT+0300 (IDT)] INFO [CAT] running target: scrap-enyo
[Wed Sep 10 2014 23:49:57 GMT+0300 (IDT)] DEBUG [Action] Instantiating action: scrap-enyo
[Wed Sep 10 2014 23:49:57 GMT+0300 (IDT)] INFO [base extension] Initialized
[Wed Sep 10 2014 23:49:57 GMT+0300 (IDT)] INFO [CAT] running target: scrap
[Wed Sep 10 2014 23:49:57 GMT+0300 (IDT)] DEBUG [Action] Instantiating action: scrap
[Wed Sep 10 2014 23:49:57 GMT+0300 (IDT)] INFO [CAT] running target: custom-plugin
[Wed Sep 10 2014 23:49:57 GMT+0300 (IDT)] DEBUG [Action] Instantiating action: custom-plugin
[Wed Sep 10 2014 23:49:59 GMT+0300 (IDT)] INFO [CAT] running target: scrap-common
[Wed Sep 10 2014 23:49:59 GMT+0300 (IDT)] DEBUG [Action] Instantiating action: scrap-common
[Wed Sep 10 2014 23:49:59 GMT+0300 (IDT)] INFO [CAT] running target: scrap-sencha
[Wed Sep 10 2014 23:49:59 GMT+0300 (IDT)] DEBUG [Action] Instantiating action: scrap-sencha
[Wed Sep 10 2014 23:49:59 GMT+0300 (IDT)] INFO [CAT] running target: scrap-jqm
[Wed Sep 10 2014 23:49:59 GMT+0300 (IDT)] DEBUG [Action] Instantiating action: scrap-jqm
[Wed Sep 10 2014 23:49:59 GMT+0300 (IDT)] INFO [CAT] running target: scrap-enyo
[Wed Sep 10 2014 23:49:59 GMT+0300 (IDT)] DEBUG [Action] Instantiating action: scrap-enyo
[Wed Sep 10 2014 23:49:59 GMT+0300 (IDT)] INFO [base extension] Initialized
[Wed Sep 10 2014 23:49:59 GMT+0300 (IDT)] INFO [CAT] running target: inject
[Wed Sep 10 2014 23:49:59 GMT+0300 (IDT)] DEBUG [Action] Instantiating action: inject
[Wed Sep 10 2014 23:49:59 GMT+0300 (IDT)] INFO [CAT] running target: custom-plugin
[Wed Sep 10 2014 23:49:59 GMT+0300 (IDT)] DEBUG [Action] Instantiating action: custom-plugin
[Wed Sep 10 2014 23:49:59 GMT+0300 (IDT)] DEBUG "[cat mdata] CAT metadata file loaded successfully "
[Wed Sep 10 2014 23:49:59 GMT+0300 (IDT)] DEBUG "[inject ext] Source file '/home/arik/dev/projects/lastboy/jqueryspa/cat-project/src/jqueryspa-test/js/config.js' created"
[Wed Sep 10 2014 23:49:59 GMT+0300 (IDT)] DEBUG "[inject ext] CAT metadata file saved successfully "
[Wed Sep 10 2014 23:49:59 GMT+0300 (IDT)] DEBUG "[inject ext] Source file '/home/arik/dev/projects/lastboy/jqueryspa/cat-project/src/jqueryspa-test/js/controllers/app.js' created"
[Wed Sep 10 2014 23:49:59 GMT+0300 (IDT)] DEBUG "[inject ext] CAT metadata file saved successfully "
[Wed Sep 10 2014 23:49:59 GMT+0300 (IDT)] INFO [CAT] running target: minify
[Wed Sep 10 2014 23:49:59 GMT+0300 (IDT)] DEBUG [Action] Instantiating action: minify
[Wed Sep 10 2014 23:49:59 GMT+0300 (IDT)] INFO [base extension] Initialized
[Wed Sep 10 2014 23:49:59 GMT+0300 (IDT)] INFO [CAT] running target: webserver
[Wed Sep 10 2014 23:49:59 GMT+0300 (IDT)] DEBUG [Action] Instantiating action: webserver
[Wed Sep 10 2014 23:49:59 GMT+0300 (IDT)] INFO "[webserver ext] Server started"
[Wed Sep 10 2014 23:52:06 GMT+0300 (IDT)] INFO 

[CAT] Initial LOG -----------------------------------------------------------------------
[Wed Sep 10 2014 23:52:06 GMT+0300 (IDT)] INFO [CAT] Initial CAT process: 2904
[Wed Sep 10 2014 23:52:06 GMT+0300 (IDT)] DEBUG [CAT] Initial, current location: /home/arik/dev/projects/lastboy/jqueryspa/cat-project
[Wed Sep 10 2014 23:52:06 GMT+0300 (IDT)] DEBUG [CAT] Initial, command line arguments: {"task":["t@clean","t@init","t@scrap","t@inject","t@server.start"],"argv":{"remain":[],"cooked":["--task","t@clean","--task","t@init","--task","t@scrap","--task","t@inject","--task","t@server.start"],"original":["-cbs"]},"home":{"path":"/home/arik/dev/projects/lastboy/catjs","working":{"path":"/home/arik/dev/projects/lastboy/jqueryspa/cat-project"}}}
[Wed Sep 10 2014 23:52:06 GMT+0300 (IDT)] INFO watch: false kill: -1 process: 2904
[Wed Sep 10 2014 23:52:06 GMT+0300 (IDT)] WARNING [CAT Config] Missing 'dependencies' configuration section
[Wed Sep 10 2014 23:52:06 GMT+0300 (IDT)] DEBUG "[cat config] Project's resource '/home/arik/dev/projects/lastboy/jqueryspa/cat-project/src/' already exists"
[Wed Sep 10 2014 23:52:06 GMT+0300 (IDT)] DEBUG "[cat config] Project's resource '/home/arik/dev/projects/lastboy/jqueryspa/cat-project/target/' already exists"
[Wed Sep 10 2014 23:52:06 GMT+0300 (IDT)] WARNING "[utils resolver] the object was partially resolved, check your query: scrapfilter"
[Wed Sep 10 2014 23:52:06 GMT+0300 (IDT)] WARNING "[cat config] No valid configuration, missing 'scrapfilter' entry"
[Wed Sep 10 2014 23:52:06 GMT+0300 (IDT)] WARNING "[utils resolver] the object was partially resolved, check your query: dependencies"
[Wed Sep 10 2014 23:52:06 GMT+0300 (IDT)] WARNING "[cat config] No valid configuration, missing 'dependencies' entry"
[Wed Sep 10 2014 23:52:06 GMT+0300 (IDT)] INFO [base extension] Initialized
[Wed Sep 10 2014 23:52:06 GMT+0300 (IDT)] INFO [CAT] running target: clean
[Wed Sep 10 2014 23:52:06 GMT+0300 (IDT)] DEBUG [Action] Instantiating action: clean
[Wed Sep 10 2014 23:52:06 GMT+0300 (IDT)] INFO [base extension] Initialized
[Wed Sep 10 2014 23:52:06 GMT+0300 (IDT)] INFO [CAT] running target: copy
[Wed Sep 10 2014 23:52:06 GMT+0300 (IDT)] DEBUG [Action] Instantiating action: copy
[Wed Sep 10 2014 23:52:07 GMT+0300 (IDT)] INFO [CAT] running target: libraries
[Wed Sep 10 2014 23:52:07 GMT+0300 (IDT)] DEBUG [Action] Instantiating action: libraries
[Wed Sep 10 2014 23:52:07 GMT+0300 (IDT)] INFO [CAT] running target: copy
[Wed Sep 10 2014 23:52:07 GMT+0300 (IDT)] DEBUG [Action] Instantiating action: copy
[Wed Sep 10 2014 23:52:07 GMT+0300 (IDT)] INFO [CAT] running target: fileparse
[Wed Sep 10 2014 23:52:07 GMT+0300 (IDT)] DEBUG [Action] Instantiating action: fileparse
[Wed Sep 10 2014 23:52:07 GMT+0300 (IDT)] INFO [CAT] running target: copy
[Wed Sep 10 2014 23:52:07 GMT+0300 (IDT)] DEBUG [Action] Instantiating action: copy
[Wed Sep 10 2014 23:52:07 GMT+0300 (IDT)] INFO [CAT] running target: scrap-common
[Wed Sep 10 2014 23:52:07 GMT+0300 (IDT)] DEBUG [Action] Instantiating action: scrap-common
[Wed Sep 10 2014 23:52:07 GMT+0300 (IDT)] INFO [CAT] running target: scrap-sencha
[Wed Sep 10 2014 23:52:07 GMT+0300 (IDT)] DEBUG [Action] Instantiating action: scrap-sencha
[Wed Sep 10 2014 23:52:07 GMT+0300 (IDT)] INFO [CAT] running target: scrap-jqm
[Wed Sep 10 2014 23:52:07 GMT+0300 (IDT)] DEBUG [Action] Instantiating action: scrap-jqm
[Wed Sep 10 2014 23:52:07 GMT+0300 (IDT)] INFO [CAT] running target: scrap-vnc
[Wed Sep 10 2014 23:52:07 GMT+0300 (IDT)] DEBUG [Action] Instantiating action: scrap-vnc
[Wed Sep 10 2014 23:52:07 GMT+0300 (IDT)] INFO [CAT] running target: scrap-enyo
[Wed Sep 10 2014 23:52:07 GMT+0300 (IDT)] DEBUG [Action] Instantiating action: scrap-enyo
[Wed Sep 10 2014 23:52:07 GMT+0300 (IDT)] INFO [base extension] Initialized
[Wed Sep 10 2014 23:52:07 GMT+0300 (IDT)] INFO [CAT] running target: scrap
[Wed Sep 10 2014 23:52:07 GMT+0300 (IDT)] DEBUG [Action] Instantiating action: scrap
[Wed Sep 10 2014 23:52:07 GMT+0300 (IDT)] INFO [CAT] running target: custom-plugin
[Wed Sep 10 2014 23:52:07 GMT+0300 (IDT)] DEBUG [Action] Instantiating action: custom-plugin
[Wed Sep 10 2014 23:52:08 GMT+0300 (IDT)] INFO [CAT] running target: scrap-common
[Wed Sep 10 2014 23:52:08 GMT+0300 (IDT)] DEBUG [Action] Instantiating action: scrap-common
[Wed Sep 10 2014 23:52:08 GMT+0300 (IDT)] INFO [CAT] running target: scrap-sencha
[Wed Sep 10 2014 23:52:08 GMT+0300 (IDT)] DEBUG [Action] Instantiating action: scrap-sencha
[Wed Sep 10 2014 23:52:08 GMT+0300 (IDT)] INFO [CAT] running target: scrap-jqm
[Wed Sep 10 2014 23:52:08 GMT+0300 (IDT)] DEBUG [Action] Instantiating action: scrap-jqm
[Wed Sep 10 2014 23:52:08 GMT+0300 (IDT)] INFO [CAT] running target: scrap-enyo
[Wed Sep 10 2014 23:52:08 GMT+0300 (IDT)] DEBUG [Action] Instantiating action: scrap-enyo
[Wed Sep 10 2014 23:52:08 GMT+0300 (IDT)] INFO [base extension] Initialized
[Wed Sep 10 2014 23:52:08 GMT+0300 (IDT)] INFO [CAT] running target: inject
[Wed Sep 10 2014 23:52:08 GMT+0300 (IDT)] DEBUG [Action] Instantiating action: inject
[Wed Sep 10 2014 23:52:08 GMT+0300 (IDT)] INFO [CAT] running target: custom-plugin
[Wed Sep 10 2014 23:52:08 GMT+0300 (IDT)] DEBUG [Action] Instantiating action: custom-plugin
[Wed Sep 10 2014 23:52:08 GMT+0300 (IDT)] DEBUG "[cat mdata] CAT metadata file loaded successfully "
[Wed Sep 10 2014 23:52:08 GMT+0300 (IDT)] DEBUG "[inject ext] Source file '/home/arik/dev/projects/lastboy/jqueryspa/cat-project/src/jqueryspa-test/js/config.js' created"
[Wed Sep 10 2014 23:52:08 GMT+0300 (IDT)] DEBUG "[inject ext] CAT metadata file saved successfully "
[Wed Sep 10 2014 23:52:08 GMT+0300 (IDT)] DEBUG "[inject ext] Source file '/home/arik/dev/projects/lastboy/jqueryspa/cat-project/src/jqueryspa-test/js/controllers/app.js' created"
[Wed Sep 10 2014 23:52:08 GMT+0300 (IDT)] DEBUG "[inject ext] CAT metadata file saved successfully "
[Wed Sep 10 2014 23:52:08 GMT+0300 (IDT)] INFO [CAT] running target: minify
[Wed Sep 10 2014 23:52:08 GMT+0300 (IDT)] DEBUG [Action] Instantiating action: minify
[Wed Sep 10 2014 23:52:08 GMT+0300 (IDT)] INFO [base extension] Initialized
[Wed Sep 10 2014 23:52:08 GMT+0300 (IDT)] INFO [CAT] running target: webserver
[Wed Sep 10 2014 23:52:08 GMT+0300 (IDT)] DEBUG [Action] Instantiating action: webserver
[Wed Sep 10 2014 23:52:08 GMT+0300 (IDT)] INFO "[webserver ext] Server started"
[Wed Sep 10 2014 23:54:04 GMT+0300 (IDT)] INFO 

[CAT] Initial LOG -----------------------------------------------------------------------
[Wed Sep 10 2014 23:54:04 GMT+0300 (IDT)] INFO [CAT] Initial CAT process: 2934
[Wed Sep 10 2014 23:54:04 GMT+0300 (IDT)] DEBUG [CAT] Initial, current location: /home/arik/dev/projects/lastboy/jqueryspa/cat-project
[Wed Sep 10 2014 23:54:04 GMT+0300 (IDT)] DEBUG [CAT] Initial, command line arguments: {"task":["t@clean","t@init","t@scrap","t@inject","t@server.start"],"argv":{"remain":[],"cooked":["--task","t@clean","--task","t@init","--task","t@scrap","--task","t@inject","--task","t@server.start"],"original":["-cbs"]},"home":{"path":"/home/arik/dev/projects/lastboy/catjs","working":{"path":"/home/arik/dev/projects/lastboy/jqueryspa/cat-project"}}}
[Wed Sep 10 2014 23:54:04 GMT+0300 (IDT)] INFO watch: false kill: -1 process: 2934
[Wed Sep 10 2014 23:54:04 GMT+0300 (IDT)] WARNING [CAT Config] Missing 'dependencies' configuration section
[Wed Sep 10 2014 23:54:04 GMT+0300 (IDT)] DEBUG "[cat config] Project's resource '/home/arik/dev/projects/lastboy/jqueryspa/cat-project/src/' already exists"
[Wed Sep 10 2014 23:54:04 GMT+0300 (IDT)] DEBUG "[cat config] Project's resource '/home/arik/dev/projects/lastboy/jqueryspa/cat-project/target/' already exists"
[Wed Sep 10 2014 23:54:04 GMT+0300 (IDT)] WARNING "[utils resolver] the object was partially resolved, check your query: scrapfilter"
[Wed Sep 10 2014 23:54:04 GMT+0300 (IDT)] WARNING "[cat config] No valid configuration, missing 'scrapfilter' entry"
[Wed Sep 10 2014 23:54:04 GMT+0300 (IDT)] WARNING "[utils resolver] the object was partially resolved, check your query: dependencies"
[Wed Sep 10 2014 23:54:04 GMT+0300 (IDT)] WARNING "[cat config] No valid configuration, missing 'dependencies' entry"
[Wed Sep 10 2014 23:54:04 GMT+0300 (IDT)] INFO [base extension] Initialized
[Wed Sep 10 2014 23:54:04 GMT+0300 (IDT)] INFO [CAT] running target: clean
[Wed Sep 10 2014 23:54:04 GMT+0300 (IDT)] DEBUG [Action] Instantiating action: clean
[Wed Sep 10 2014 23:54:04 GMT+0300 (IDT)] INFO [base extension] Initialized
[Wed Sep 10 2014 23:54:04 GMT+0300 (IDT)] INFO [CAT] running target: copy
[Wed Sep 10 2014 23:54:04 GMT+0300 (IDT)] DEBUG [Action] Instantiating action: copy
[Wed Sep 10 2014 23:54:04 GMT+0300 (IDT)] INFO [CAT] running target: libraries
[Wed Sep 10 2014 23:54:04 GMT+0300 (IDT)] DEBUG [Action] Instantiating action: libraries
[Wed Sep 10 2014 23:54:04 GMT+0300 (IDT)] INFO [CAT] running target: copy
[Wed Sep 10 2014 23:54:04 GMT+0300 (IDT)] DEBUG [Action] Instantiating action: copy
[Wed Sep 10 2014 23:54:04 GMT+0300 (IDT)] INFO [CAT] running target: fileparse
[Wed Sep 10 2014 23:54:04 GMT+0300 (IDT)] DEBUG [Action] Instantiating action: fileparse
[Wed Sep 10 2014 23:54:04 GMT+0300 (IDT)] INFO [CAT] running target: copy
[Wed Sep 10 2014 23:54:04 GMT+0300 (IDT)] DEBUG [Action] Instantiating action: copy
[Wed Sep 10 2014 23:54:04 GMT+0300 (IDT)] INFO [CAT] running target: scrap-common
[Wed Sep 10 2014 23:54:04 GMT+0300 (IDT)] DEBUG [Action] Instantiating action: scrap-common
[Wed Sep 10 2014 23:54:04 GMT+0300 (IDT)] INFO [CAT] running target: scrap-sencha
[Wed Sep 10 2014 23:54:04 GMT+0300 (IDT)] DEBUG [Action] Instantiating action: scrap-sencha
[Wed Sep 10 2014 23:54:04 GMT+0300 (IDT)] INFO [CAT] running target: scrap-jqm
[Wed Sep 10 2014 23:54:04 GMT+0300 (IDT)] DEBUG [Action] Instantiating action: scrap-jqm
[Wed Sep 10 2014 23:54:04 GMT+0300 (IDT)] INFO [CAT] running target: scrap-vnc
[Wed Sep 10 2014 23:54:04 GMT+0300 (IDT)] DEBUG [Action] Instantiating action: scrap-vnc
[Wed Sep 10 2014 23:54:04 GMT+0300 (IDT)] INFO [CAT] running target: scrap-enyo
[Wed Sep 10 2014 23:54:04 GMT+0300 (IDT)] DEBUG [Action] Instantiating action: scrap-enyo
[Wed Sep 10 2014 23:54:04 GMT+0300 (IDT)] INFO [base extension] Initialized
[Wed Sep 10 2014 23:54:04 GMT+0300 (IDT)] INFO [CAT] running target: scrap
[Wed Sep 10 2014 23:54:04 GMT+0300 (IDT)] DEBUG [Action] Instantiating action: scrap
[Wed Sep 10 2014 23:54:04 GMT+0300 (IDT)] INFO [CAT] running target: custom-plugin
[Wed Sep 10 2014 23:54:04 GMT+0300 (IDT)] DEBUG [Action] Instantiating action: custom-plugin
[Wed Sep 10 2014 23:54:06 GMT+0300 (IDT)] INFO [CAT] running target: scrap-common
[Wed Sep 10 2014 23:54:06 GMT+0300 (IDT)] DEBUG [Action] Instantiating action: scrap-common
[Wed Sep 10 2014 23:54:06 GMT+0300 (IDT)] INFO [CAT] running target: scrap-sencha
[Wed Sep 10 2014 23:54:06 GMT+0300 (IDT)] DEBUG [Action] Instantiating action: scrap-sencha
[Wed Sep 10 2014 23:54:06 GMT+0300 (IDT)] INFO [CAT] running target: scrap-jqm
[Wed Sep 10 2014 23:54:06 GMT+0300 (IDT)] DEBUG [Action] Instantiating action: scrap-jqm
[Wed Sep 10 2014 23:54:06 GMT+0300 (IDT)] INFO [CAT] running target: scrap-enyo
[Wed Sep 10 2014 23:54:06 GMT+0300 (IDT)] DEBUG [Action] Instantiating action: scrap-enyo
[Wed Sep 10 2014 23:54:06 GMT+0300 (IDT)] INFO [base extension] Initialized
[Wed Sep 10 2014 23:54:06 GMT+0300 (IDT)] INFO [CAT] running target: inject
[Wed Sep 10 2014 23:54:06 GMT+0300 (IDT)] DEBUG [Action] Instantiating action: inject
[Wed Sep 10 2014 23:54:06 GMT+0300 (IDT)] INFO [CAT] running target: custom-plugin
[Wed Sep 10 2014 23:54:06 GMT+0300 (IDT)] DEBUG [Action] Instantiating action: custom-plugin
[Wed Sep 10 2014 23:54:06 GMT+0300 (IDT)] DEBUG "[cat mdata] CAT metadata file loaded successfully "
[Wed Sep 10 2014 23:54:06 GMT+0300 (IDT)] DEBUG "[inject ext] Source file '/home/arik/dev/projects/lastboy/jqueryspa/cat-project/src/jqueryspa-test/js/config.js' created"
[Wed Sep 10 2014 23:54:06 GMT+0300 (IDT)] DEBUG "[inject ext] CAT metadata file saved successfully "
[Wed Sep 10 2014 23:54:06 GMT+0300 (IDT)] DEBUG "[inject ext] Source file '/home/arik/dev/projects/lastboy/jqueryspa/cat-project/src/jqueryspa-test/js/controllers/app.js' created"
[Wed Sep 10 2014 23:54:06 GMT+0300 (IDT)] DEBUG "[inject ext] CAT metadata file saved successfully "
[Wed Sep 10 2014 23:54:06 GMT+0300 (IDT)] INFO [CAT] running target: minify
[Wed Sep 10 2014 23:54:06 GMT+0300 (IDT)] DEBUG [Action] Instantiating action: minify
[Wed Sep 10 2014 23:54:06 GMT+0300 (IDT)] INFO [base extension] Initialized
[Wed Sep 10 2014 23:54:06 GMT+0300 (IDT)] INFO [CAT] running target: webserver
[Wed Sep 10 2014 23:54:06 GMT+0300 (IDT)] DEBUG [Action] Instantiating action: webserver
[Wed Sep 10 2014 23:54:06 GMT+0300 (IDT)] INFO "[webserver ext] Server started"
[Thu Sep 11 2014 00:10:08 GMT+0300 (IDT)] INFO 

[CAT] Initial LOG -----------------------------------------------------------------------
[Thu Sep 11 2014 00:10:08 GMT+0300 (IDT)] INFO [CAT] Initial CAT process: 2962
[Thu Sep 11 2014 00:10:08 GMT+0300 (IDT)] DEBUG [CAT] Initial, current location: /home/arik/dev/projects/lastboy/jqueryspa/cat-project
[Thu Sep 11 2014 00:10:08 GMT+0300 (IDT)] DEBUG [CAT] Initial, command line arguments: {"task":["t@libs.rebuild"],"argv":{"remain":[],"cooked":["--task","t@libs.rebuild"],"original":["--task","t@libs.rebuild"]},"home":{"path":"/home/arik/dev/projects/lastboy/catjs","working":{"path":"/home/arik/dev/projects/lastboy/jqueryspa/cat-project"}}}
[Thu Sep 11 2014 00:10:08 GMT+0300 (IDT)] INFO watch: false kill: -1 process: 2962
[Thu Sep 11 2014 00:10:08 GMT+0300 (IDT)] WARNING [CAT Config] Missing 'dependencies' configuration section
[Thu Sep 11 2014 00:10:08 GMT+0300 (IDT)] DEBUG "[cat config] Project's resource '/home/arik/dev/projects/lastboy/jqueryspa/cat-project/src/' already exists"
[Thu Sep 11 2014 00:10:08 GMT+0300 (IDT)] DEBUG "[cat config] Project's resource '/home/arik/dev/projects/lastboy/jqueryspa/cat-project/target/' already exists"
[Thu Sep 11 2014 00:10:08 GMT+0300 (IDT)] WARNING "[utils resolver] the object was partially resolved, check your query: scrapfilter"
[Thu Sep 11 2014 00:10:08 GMT+0300 (IDT)] WARNING "[cat config] No valid configuration, missing 'scrapfilter' entry"
[Thu Sep 11 2014 00:10:08 GMT+0300 (IDT)] WARNING "[utils resolver] the object was partially resolved, check your query: dependencies"
[Thu Sep 11 2014 00:10:08 GMT+0300 (IDT)] WARNING "[cat config] No valid configuration, missing 'dependencies' entry"
[Thu Sep 11 2014 00:10:08 GMT+0300 (IDT)] INFO [base extension] Initialized
[Thu Sep 11 2014 00:10:08 GMT+0300 (IDT)] INFO [CAT] running target: libraries
[Thu Sep 11 2014 00:10:08 GMT+0300 (IDT)] DEBUG [Action] Instantiating action: libraries
[Thu Sep 11 2014 00:10:08 GMT+0300 (IDT)] ERROR "[utils (deleteSync)] error occurred Error: EACCES, permission denied '/home/arik/dev/projects/lastboy/catjs/src/libraries/cat/target/cat.css'"
[Thu Sep 11 2014 00:10:08 GMT+0300 (IDT)] ERROR [CAT Action] action type not found or failed to load module  "[utils (deleteSync)] error occurred Error: EACCES, permission denied '/home/arik/dev/projects/lastboy/catjs/src/libraries/cat/target/cat.css'"
[Thu Sep 11 2014 00:10:21 GMT+0300 (IDT)] INFO 

[CAT] Initial LOG -----------------------------------------------------------------------
[Thu Sep 11 2014 00:10:21 GMT+0300 (IDT)] INFO [CAT] Initial CAT process: 2978
[Thu Sep 11 2014 00:10:21 GMT+0300 (IDT)] DEBUG [CAT] Initial, current location: /home/arik/dev/projects/lastboy/jqueryspa/cat-project
[Thu Sep 11 2014 00:10:21 GMT+0300 (IDT)] DEBUG [CAT] Initial, command line arguments: {"task":["t@libs.rebuild"],"argv":{"remain":[],"cooked":["--task","t@libs.rebuild"],"original":["--task","t@libs.rebuild"]},"home":{"path":"/home/arik/dev/projects/lastboy/catjs","working":{"path":"/home/arik/dev/projects/lastboy/jqueryspa/cat-project"}}}
[Thu Sep 11 2014 00:10:21 GMT+0300 (IDT)] INFO watch: false kill: -1 process: 2978
[Thu Sep 11 2014 00:10:21 GMT+0300 (IDT)] WARNING [CAT Config] Missing 'dependencies' configuration section
[Thu Sep 11 2014 00:10:21 GMT+0300 (IDT)] DEBUG "[cat config] Project's resource '/home/arik/dev/projects/lastboy/jqueryspa/cat-project/src/' already exists"
[Thu Sep 11 2014 00:10:21 GMT+0300 (IDT)] DEBUG "[cat config] Project's resource '/home/arik/dev/projects/lastboy/jqueryspa/cat-project/target/' already exists"
[Thu Sep 11 2014 00:10:21 GMT+0300 (IDT)] WARNING "[utils resolver] the object was partially resolved, check your query: scrapfilter"
[Thu Sep 11 2014 00:10:21 GMT+0300 (IDT)] WARNING "[cat config] No valid configuration, missing 'scrapfilter' entry"
[Thu Sep 11 2014 00:10:21 GMT+0300 (IDT)] WARNING "[utils resolver] the object was partially resolved, check your query: dependencies"
[Thu Sep 11 2014 00:10:21 GMT+0300 (IDT)] WARNING "[cat config] No valid configuration, missing 'dependencies' entry"
[Thu Sep 11 2014 00:10:21 GMT+0300 (IDT)] INFO [base extension] Initialized
[Thu Sep 11 2014 00:10:21 GMT+0300 (IDT)] INFO [CAT] running target: libraries
[Thu Sep 11 2014 00:10:21 GMT+0300 (IDT)] DEBUG [Action] Instantiating action: libraries
[Thu Sep 11 2014 00:10:21 GMT+0300 (IDT)] INFO [CAT] running target: libraries
[Thu Sep 11 2014 00:10:21 GMT+0300 (IDT)] DEBUG [Action] Instantiating action: libraries
[Thu Sep 11 2014 00:10:22 GMT+0300 (IDT)] INFO [CAT] running target: libraries
[Thu Sep 11 2014 00:10:22 GMT+0300 (IDT)] DEBUG [Action] Instantiating action: libraries
[Thu Sep 11 2014 00:11:08 GMT+0300 (IDT)] INFO 

[CAT] Initial LOG -----------------------------------------------------------------------
[Thu Sep 11 2014 00:11:08 GMT+0300 (IDT)] INFO [CAT] Initial CAT process: 2994
[Thu Sep 11 2014 00:11:08 GMT+0300 (IDT)] DEBUG [CAT] Initial, current location: /home/arik/dev/projects/lastboy/jqueryspa/cat-project
[Thu Sep 11 2014 00:11:08 GMT+0300 (IDT)] DEBUG [CAT] Initial, command line arguments: {"task":["t@clean","t@init","t@scrap","t@inject","t@server.start"],"argv":{"remain":[],"cooked":["--task","t@clean","--task","t@init","--task","t@scrap","--task","t@inject","--task","t@server.start"],"original":["-cbs"]},"home":{"path":"/home/arik/dev/projects/lastboy/catjs","working":{"path":"/home/arik/dev/projects/lastboy/jqueryspa/cat-project"}}}
[Thu Sep 11 2014 00:11:08 GMT+0300 (IDT)] INFO watch: false kill: -1 process: 2994
[Thu Sep 11 2014 00:11:08 GMT+0300 (IDT)] WARNING [CAT Config] Missing 'dependencies' configuration section
[Thu Sep 11 2014 00:11:08 GMT+0300 (IDT)] DEBUG "[cat config] Project's resource '/home/arik/dev/projects/lastboy/jqueryspa/cat-project/src/' already exists"
[Thu Sep 11 2014 00:11:08 GMT+0300 (IDT)] DEBUG "[cat config] Project's resource '/home/arik/dev/projects/lastboy/jqueryspa/cat-project/target/' already exists"
[Thu Sep 11 2014 00:11:08 GMT+0300 (IDT)] WARNING "[utils resolver] the object was partially resolved, check your query: scrapfilter"
[Thu Sep 11 2014 00:11:08 GMT+0300 (IDT)] WARNING "[cat config] No valid configuration, missing 'scrapfilter' entry"
[Thu Sep 11 2014 00:11:08 GMT+0300 (IDT)] WARNING "[utils resolver] the object was partially resolved, check your query: dependencies"
[Thu Sep 11 2014 00:11:08 GMT+0300 (IDT)] WARNING "[cat config] No valid configuration, missing 'dependencies' entry"
[Thu Sep 11 2014 00:11:08 GMT+0300 (IDT)] INFO [base extension] Initialized
[Thu Sep 11 2014 00:11:08 GMT+0300 (IDT)] INFO [CAT] running target: clean
[Thu Sep 11 2014 00:11:08 GMT+0300 (IDT)] DEBUG [Action] Instantiating action: clean
[Thu Sep 11 2014 00:11:08 GMT+0300 (IDT)] INFO [base extension] Initialized
[Thu Sep 11 2014 00:11:08 GMT+0300 (IDT)] INFO [CAT] running target: copy
[Thu Sep 11 2014 00:11:08 GMT+0300 (IDT)] DEBUG [Action] Instantiating action: copy
[Thu Sep 11 2014 00:11:08 GMT+0300 (IDT)] INFO [CAT] running target: libraries
[Thu Sep 11 2014 00:11:08 GMT+0300 (IDT)] DEBUG [Action] Instantiating action: libraries
[Thu Sep 11 2014 00:11:08 GMT+0300 (IDT)] INFO [CAT] running target: copy
[Thu Sep 11 2014 00:11:08 GMT+0300 (IDT)] DEBUG [Action] Instantiating action: copy
[Thu Sep 11 2014 00:11:08 GMT+0300 (IDT)] INFO [CAT] running target: fileparse
[Thu Sep 11 2014 00:11:08 GMT+0300 (IDT)] DEBUG [Action] Instantiating action: fileparse
[Thu Sep 11 2014 00:11:08 GMT+0300 (IDT)] INFO [CAT] running target: copy
[Thu Sep 11 2014 00:11:08 GMT+0300 (IDT)] DEBUG [Action] Instantiating action: copy
[Thu Sep 11 2014 00:11:08 GMT+0300 (IDT)] INFO [CAT] running target: scrap-common
[Thu Sep 11 2014 00:11:08 GMT+0300 (IDT)] DEBUG [Action] Instantiating action: scrap-common
[Thu Sep 11 2014 00:11:08 GMT+0300 (IDT)] INFO [CAT] running target: scrap-sencha
[Thu Sep 11 2014 00:11:08 GMT+0300 (IDT)] DEBUG [Action] Instantiating action: scrap-sencha
[Thu Sep 11 2014 00:11:08 GMT+0300 (IDT)] INFO [CAT] running target: scrap-jqm
[Thu Sep 11 2014 00:11:08 GMT+0300 (IDT)] DEBUG [Action] Instantiating action: scrap-jqm
[Thu Sep 11 2014 00:11:08 GMT+0300 (IDT)] INFO [CAT] running target: scrap-vnc
[Thu Sep 11 2014 00:11:08 GMT+0300 (IDT)] DEBUG [Action] Instantiating action: scrap-vnc
[Thu Sep 11 2014 00:11:08 GMT+0300 (IDT)] INFO [CAT] running target: scrap-enyo
[Thu Sep 11 2014 00:11:08 GMT+0300 (IDT)] DEBUG [Action] Instantiating action: scrap-enyo
[Thu Sep 11 2014 00:11:08 GMT+0300 (IDT)] INFO [base extension] Initialized
[Thu Sep 11 2014 00:11:08 GMT+0300 (IDT)] INFO [CAT] running target: scrap
[Thu Sep 11 2014 00:11:08 GMT+0300 (IDT)] DEBUG [Action] Instantiating action: scrap
[Thu Sep 11 2014 00:11:08 GMT+0300 (IDT)] INFO [CAT] running target: custom-plugin
[Thu Sep 11 2014 00:11:08 GMT+0300 (IDT)] DEBUG [Action] Instantiating action: custom-plugin
[Thu Sep 11 2014 00:11:10 GMT+0300 (IDT)] INFO [CAT] running target: scrap-common
[Thu Sep 11 2014 00:11:10 GMT+0300 (IDT)] DEBUG [Action] Instantiating action: scrap-common
[Thu Sep 11 2014 00:11:10 GMT+0300 (IDT)] INFO [CAT] running target: scrap-sencha
[Thu Sep 11 2014 00:11:10 GMT+0300 (IDT)] DEBUG [Action] Instantiating action: scrap-sencha
[Thu Sep 11 2014 00:11:10 GMT+0300 (IDT)] INFO [CAT] running target: scrap-jqm
[Thu Sep 11 2014 00:11:10 GMT+0300 (IDT)] DEBUG [Action] Instantiating action: scrap-jqm
[Thu Sep 11 2014 00:11:10 GMT+0300 (IDT)] INFO [CAT] running target: scrap-enyo
[Thu Sep 11 2014 00:11:10 GMT+0300 (IDT)] DEBUG [Action] Instantiating action: scrap-enyo
[Thu Sep 11 2014 00:11:10 GMT+0300 (IDT)] INFO [base extension] Initialized
[Thu Sep 11 2014 00:11:10 GMT+0300 (IDT)] INFO [CAT] running target: inject
[Thu Sep 11 2014 00:11:10 GMT+0300 (IDT)] DEBUG [Action] Instantiating action: inject
[Thu Sep 11 2014 00:11:10 GMT+0300 (IDT)] INFO [CAT] running target: custom-plugin
[Thu Sep 11 2014 00:11:10 GMT+0300 (IDT)] DEBUG [Action] Instantiating action: custom-plugin
[Thu Sep 11 2014 00:11:10 GMT+0300 (IDT)] DEBUG "[cat mdata] CAT metadata file loaded successfully "
[Thu Sep 11 2014 00:11:10 GMT+0300 (IDT)] DEBUG "[inject ext] Source file '/home/arik/dev/projects/lastboy/jqueryspa/cat-project/src/jqueryspa-test/js/config.js' created"
[Thu Sep 11 2014 00:11:10 GMT+0300 (IDT)] DEBUG "[inject ext] CAT metadata file saved successfully "
[Thu Sep 11 2014 00:11:10 GMT+0300 (IDT)] DEBUG "[inject ext] Source file '/home/arik/dev/projects/lastboy/jqueryspa/cat-project/src/jqueryspa-test/js/controllers/app.js' created"
[Thu Sep 11 2014 00:11:10 GMT+0300 (IDT)] DEBUG "[inject ext] CAT metadata file saved successfully "
[Thu Sep 11 2014 00:11:10 GMT+0300 (IDT)] INFO [CAT] running target: minify
[Thu Sep 11 2014 00:11:10 GMT+0300 (IDT)] DEBUG [Action] Instantiating action: minify
[Thu Sep 11 2014 00:11:10 GMT+0300 (IDT)] INFO [base extension] Initialized
[Thu Sep 11 2014 00:11:10 GMT+0300 (IDT)] INFO [CAT] running target: webserver
[Thu Sep 11 2014 00:11:10 GMT+0300 (IDT)] DEBUG [Action] Instantiating action: webserver
[Thu Sep 11 2014 00:11:10 GMT+0300 (IDT)] INFO "[webserver ext] Server started"
[Thu Sep 11 2014 00:13:11 GMT+0300 (IDT)] INFO requesting generalJSErrorUncaught Error: Load timeout for modules: catsrc,angular,angularoute,controllers/app,directives/generatelt,directives/scrollto,jqueryhttp://requirejs.org/docs/errors.htmlundefined
[Thu Sep 11 2014 00:13:11 GMT+0300 (IDT)] WARNING [CAT] No valid test scenario 'undefined' was found
[Thu Sep 11 2014 00:13:17 GMT+0300 (IDT)] INFO 

[CAT] Initial LOG -----------------------------------------------------------------------
[Thu Sep 11 2014 00:13:17 GMT+0300 (IDT)] INFO [CAT] Initial CAT process: 3014
[Thu Sep 11 2014 00:13:17 GMT+0300 (IDT)] DEBUG [CAT] Initial, current location: /home/arik/dev/projects/lastboy/jqueryspa/cat-project
[Thu Sep 11 2014 00:13:17 GMT+0300 (IDT)] DEBUG [CAT] Initial, command line arguments: {"task":["t@clean","t@init","t@scrap","t@inject","t@server.start"],"argv":{"remain":[],"cooked":["--task","t@clean","--task","t@init","--task","t@scrap","--task","t@inject","--task","t@server.start"],"original":["-cbs"]},"home":{"path":"/home/arik/dev/projects/lastboy/catjs","working":{"path":"/home/arik/dev/projects/lastboy/jqueryspa/cat-project"}}}
[Thu Sep 11 2014 00:13:17 GMT+0300 (IDT)] INFO watch: false kill: -1 process: 3014
[Thu Sep 11 2014 00:13:17 GMT+0300 (IDT)] WARNING [CAT Config] Missing 'dependencies' configuration section
[Thu Sep 11 2014 00:13:17 GMT+0300 (IDT)] DEBUG "[cat config] Project's resource '/home/arik/dev/projects/lastboy/jqueryspa/cat-project/src/' already exists"
[Thu Sep 11 2014 00:13:17 GMT+0300 (IDT)] DEBUG "[cat config] Project's resource '/home/arik/dev/projects/lastboy/jqueryspa/cat-project/target/' already exists"
[Thu Sep 11 2014 00:13:17 GMT+0300 (IDT)] WARNING "[utils resolver] the object was partially resolved, check your query: scrapfilter"
[Thu Sep 11 2014 00:13:17 GMT+0300 (IDT)] WARNING "[cat config] No valid configuration, missing 'scrapfilter' entry"
[Thu Sep 11 2014 00:13:17 GMT+0300 (IDT)] WARNING "[utils resolver] the object was partially resolved, check your query: dependencies"
[Thu Sep 11 2014 00:13:17 GMT+0300 (IDT)] WARNING "[cat config] No valid configuration, missing 'dependencies' entry"
[Thu Sep 11 2014 00:13:17 GMT+0300 (IDT)] INFO [base extension] Initialized
[Thu Sep 11 2014 00:13:17 GMT+0300 (IDT)] INFO [CAT] running target: clean
[Thu Sep 11 2014 00:13:17 GMT+0300 (IDT)] DEBUG [Action] Instantiating action: clean
[Thu Sep 11 2014 00:13:17 GMT+0300 (IDT)] INFO [base extension] Initialized
[Thu Sep 11 2014 00:13:17 GMT+0300 (IDT)] INFO [CAT] running target: copy
[Thu Sep 11 2014 00:13:17 GMT+0300 (IDT)] DEBUG [Action] Instantiating action: copy
[Thu Sep 11 2014 00:13:17 GMT+0300 (IDT)] INFO [CAT] running target: libraries
[Thu Sep 11 2014 00:13:17 GMT+0300 (IDT)] DEBUG [Action] Instantiating action: libraries
[Thu Sep 11 2014 00:13:17 GMT+0300 (IDT)] INFO [CAT] running target: copy
[Thu Sep 11 2014 00:13:17 GMT+0300 (IDT)] DEBUG [Action] Instantiating action: copy
[Thu Sep 11 2014 00:13:17 GMT+0300 (IDT)] INFO [CAT] running target: fileparse
[Thu Sep 11 2014 00:13:17 GMT+0300 (IDT)] DEBUG [Action] Instantiating action: fileparse
[Thu Sep 11 2014 00:13:17 GMT+0300 (IDT)] INFO [CAT] running target: copy
[Thu Sep 11 2014 00:13:17 GMT+0300 (IDT)] DEBUG [Action] Instantiating action: copy
[Thu Sep 11 2014 00:13:17 GMT+0300 (IDT)] INFO [CAT] running target: scrap-common
[Thu Sep 11 2014 00:13:17 GMT+0300 (IDT)] DEBUG [Action] Instantiating action: scrap-common
[Thu Sep 11 2014 00:13:17 GMT+0300 (IDT)] INFO [CAT] running target: scrap-sencha
[Thu Sep 11 2014 00:13:17 GMT+0300 (IDT)] DEBUG [Action] Instantiating action: scrap-sencha
[Thu Sep 11 2014 00:13:17 GMT+0300 (IDT)] INFO [CAT] running target: scrap-jqm
[Thu Sep 11 2014 00:13:17 GMT+0300 (IDT)] DEBUG [Action] Instantiating action: scrap-jqm
[Thu Sep 11 2014 00:13:17 GMT+0300 (IDT)] INFO [CAT] running target: scrap-vnc
[Thu Sep 11 2014 00:13:17 GMT+0300 (IDT)] DEBUG [Action] Instantiating action: scrap-vnc
[Thu Sep 11 2014 00:13:17 GMT+0300 (IDT)] INFO [CAT] running target: scrap-enyo
[Thu Sep 11 2014 00:13:17 GMT+0300 (IDT)] DEBUG [Action] Instantiating action: scrap-enyo
[Thu Sep 11 2014 00:13:17 GMT+0300 (IDT)] INFO [base extension] Initialized
[Thu Sep 11 2014 00:13:17 GMT+0300 (IDT)] INFO [CAT] running target: scrap
[Thu Sep 11 2014 00:13:17 GMT+0300 (IDT)] DEBUG [Action] Instantiating action: scrap
[Thu Sep 11 2014 00:13:17 GMT+0300 (IDT)] INFO [CAT] running target: custom-plugin
[Thu Sep 11 2014 00:13:17 GMT+0300 (IDT)] DEBUG [Action] Instantiating action: custom-plugin
[Thu Sep 11 2014 00:13:19 GMT+0300 (IDT)] INFO [CAT] running target: scrap-common
[Thu Sep 11 2014 00:13:19 GMT+0300 (IDT)] DEBUG [Action] Instantiating action: scrap-common
[Thu Sep 11 2014 00:13:19 GMT+0300 (IDT)] INFO [CAT] running target: scrap-sencha
[Thu Sep 11 2014 00:13:19 GMT+0300 (IDT)] DEBUG [Action] Instantiating action: scrap-sencha
[Thu Sep 11 2014 00:13:19 GMT+0300 (IDT)] INFO [CAT] running target: scrap-jqm
[Thu Sep 11 2014 00:13:19 GMT+0300 (IDT)] DEBUG [Action] Instantiating action: scrap-jqm
[Thu Sep 11 2014 00:13:19 GMT+0300 (IDT)] INFO [CAT] running target: scrap-enyo
[Thu Sep 11 2014 00:13:19 GMT+0300 (IDT)] DEBUG [Action] Instantiating action: scrap-enyo
[Thu Sep 11 2014 00:13:19 GMT+0300 (IDT)] INFO [base extension] Initialized
[Thu Sep 11 2014 00:13:19 GMT+0300 (IDT)] INFO [CAT] running target: inject
[Thu Sep 11 2014 00:13:19 GMT+0300 (IDT)] DEBUG [Action] Instantiating action: inject
[Thu Sep 11 2014 00:13:19 GMT+0300 (IDT)] INFO [CAT] running target: custom-plugin
[Thu Sep 11 2014 00:13:19 GMT+0300 (IDT)] DEBUG [Action] Instantiating action: custom-plugin
[Thu Sep 11 2014 00:13:19 GMT+0300 (IDT)] DEBUG "[cat mdata] CAT metadata file loaded successfully "
[Thu Sep 11 2014 00:13:19 GMT+0300 (IDT)] DEBUG "[inject ext] Source file '/home/arik/dev/projects/lastboy/jqueryspa/cat-project/src/jqueryspa-test/js/config.js' created"
[Thu Sep 11 2014 00:13:19 GMT+0300 (IDT)] DEBUG "[inject ext] CAT metadata file saved successfully "
[Thu Sep 11 2014 00:13:19 GMT+0300 (IDT)] DEBUG "[inject ext] Source file '/home/arik/dev/projects/lastboy/jqueryspa/cat-project/src/jqueryspa-test/js/controllers/app.js' created"
[Thu Sep 11 2014 00:13:19 GMT+0300 (IDT)] DEBUG "[inject ext] CAT metadata file saved successfully "
[Thu Sep 11 2014 00:13:19 GMT+0300 (IDT)] INFO [CAT] running target: minify
[Thu Sep 11 2014 00:13:19 GMT+0300 (IDT)] DEBUG [Action] Instantiating action: minify
[Thu Sep 11 2014 00:13:19 GMT+0300 (IDT)] INFO [base extension] Initialized
[Thu Sep 11 2014 00:13:19 GMT+0300 (IDT)] INFO [CAT] running target: webserver
[Thu Sep 11 2014 00:13:19 GMT+0300 (IDT)] DEBUG [Action] Instantiating action: webserver
[Thu Sep 11 2014 00:13:19 GMT+0300 (IDT)] INFO "[webserver ext] Server started"
[Thu Sep 11 2014 00:13:24 GMT+0300 (IDT)] INFO requesting bootstrapInitTestTest Passedsuccess
[Thu Sep 11 2014 00:13:24 GMT+0300 (IDT)] WARNING [CAT] No valid test scenario 'undefined' was found
[Thu Sep 11 2014 00:13:24 GMT+0300 (IDT)] INFO [46d63ca8-a768-5751-bb5e-28f6f374765f] ✓Test bootstrapInitTest Test Passed
[Thu Sep 11 2014 00:13:27 GMT+0300 (IDT)] INFO requesting menuTestTest Passedsuccess
[Thu Sep 11 2014 00:13:27 GMT+0300 (IDT)] INFO [46d63ca8-a768-5751-bb5e-28f6f374765f] ✓Test menuTest Test Passed
[Thu Sep 11 2014 00:13:39 GMT+0300 (IDT)] INFO requesting EndEndEnd
[Thu Sep 11 2014 00:13:39 GMT+0300 (IDT)] INFO [46d63ca8-a768-5751-bb5e-28f6f374765f] ======== Test End - succeeded ========
[Thu Sep 11 2014 00:16:21 GMT+0300 (IDT)] INFO 

[CAT] Initial LOG -----------------------------------------------------------------------
[Thu Sep 11 2014 00:16:21 GMT+0300 (IDT)] INFO [CAT] Initial CAT process: 3167
[Thu Sep 11 2014 00:16:21 GMT+0300 (IDT)] DEBUG [CAT] Initial, current location: /home/arik/dev/projects/lastboy/jqueryspa/cat-project
[Thu Sep 11 2014 00:16:21 GMT+0300 (IDT)] DEBUG [CAT] Initial, command line arguments: {"task":["t@clean","t@init","t@scrap","t@inject","t@server.start"],"argv":{"remain":[],"cooked":["--task","t@clean","--task","t@init","--task","t@scrap","--task","t@inject","--task","t@server.start"],"original":["-cbs"]},"home":{"path":"/home/arik/dev/projects/lastboy/catjs","working":{"path":"/home/arik/dev/projects/lastboy/jqueryspa/cat-project"}}}
[Thu Sep 11 2014 00:16:21 GMT+0300 (IDT)] INFO watch: false kill: -1 process: 3167
[Thu Sep 11 2014 00:16:21 GMT+0300 (IDT)] WARNING [CAT Config] Missing 'dependencies' configuration section
[Thu Sep 11 2014 00:16:21 GMT+0300 (IDT)] DEBUG "[cat config] Project's resource '/home/arik/dev/projects/lastboy/jqueryspa/cat-project/src/' already exists"
[Thu Sep 11 2014 00:16:21 GMT+0300 (IDT)] DEBUG "[cat config] Project's resource '/home/arik/dev/projects/lastboy/jqueryspa/cat-project/target/' already exists"
[Thu Sep 11 2014 00:16:21 GMT+0300 (IDT)] WARNING "[utils resolver] the object was partially resolved, check your query: scrapfilter"
[Thu Sep 11 2014 00:16:21 GMT+0300 (IDT)] WARNING "[cat config] No valid configuration, missing 'scrapfilter' entry"
[Thu Sep 11 2014 00:16:21 GMT+0300 (IDT)] WARNING "[utils resolver] the object was partially resolved, check your query: dependencies"
[Thu Sep 11 2014 00:16:21 GMT+0300 (IDT)] WARNING "[cat config] No valid configuration, missing 'dependencies' entry"
[Thu Sep 11 2014 00:16:21 GMT+0300 (IDT)] INFO [base extension] Initialized
[Thu Sep 11 2014 00:16:21 GMT+0300 (IDT)] INFO [CAT] running target: clean
[Thu Sep 11 2014 00:16:21 GMT+0300 (IDT)] DEBUG [Action] Instantiating action: clean
[Thu Sep 11 2014 00:16:21 GMT+0300 (IDT)] INFO [base extension] Initialized
[Thu Sep 11 2014 00:16:21 GMT+0300 (IDT)] INFO [CAT] running target: copy
[Thu Sep 11 2014 00:16:21 GMT+0300 (IDT)] DEBUG [Action] Instantiating action: copy
[Thu Sep 11 2014 00:16:21 GMT+0300 (IDT)] INFO [CAT] running target: libraries
[Thu Sep 11 2014 00:16:21 GMT+0300 (IDT)] DEBUG [Action] Instantiating action: libraries
[Thu Sep 11 2014 00:16:21 GMT+0300 (IDT)] INFO [CAT] running target: copy
[Thu Sep 11 2014 00:16:21 GMT+0300 (IDT)] DEBUG [Action] Instantiating action: copy
[Thu Sep 11 2014 00:16:21 GMT+0300 (IDT)] INFO [CAT] running target: fileparse
[Thu Sep 11 2014 00:16:21 GMT+0300 (IDT)] DEBUG [Action] Instantiating action: fileparse
[Thu Sep 11 2014 00:16:21 GMT+0300 (IDT)] INFO [CAT] running target: copy
[Thu Sep 11 2014 00:16:21 GMT+0300 (IDT)] DEBUG [Action] Instantiating action: copy
[Thu Sep 11 2014 00:16:21 GMT+0300 (IDT)] INFO [CAT] running target: scrap-common
[Thu Sep 11 2014 00:16:21 GMT+0300 (IDT)] DEBUG [Action] Instantiating action: scrap-common
[Thu Sep 11 2014 00:16:21 GMT+0300 (IDT)] INFO [CAT] running target: scrap-sencha
[Thu Sep 11 2014 00:16:21 GMT+0300 (IDT)] DEBUG [Action] Instantiating action: scrap-sencha
[Thu Sep 11 2014 00:16:21 GMT+0300 (IDT)] INFO [CAT] running target: scrap-jqm
[Thu Sep 11 2014 00:16:21 GMT+0300 (IDT)] DEBUG [Action] Instantiating action: scrap-jqm
[Thu Sep 11 2014 00:16:21 GMT+0300 (IDT)] INFO [CAT] running target: scrap-vnc
[Thu Sep 11 2014 00:16:21 GMT+0300 (IDT)] DEBUG [Action] Instantiating action: scrap-vnc
[Thu Sep 11 2014 00:16:21 GMT+0300 (IDT)] INFO [CAT] running target: scrap-enyo
[Thu Sep 11 2014 00:16:21 GMT+0300 (IDT)] DEBUG [Action] Instantiating action: scrap-enyo
[Thu Sep 11 2014 00:16:21 GMT+0300 (IDT)] INFO [base extension] Initialized
[Thu Sep 11 2014 00:16:21 GMT+0300 (IDT)] INFO [CAT] running target: scrap
[Thu Sep 11 2014 00:16:21 GMT+0300 (IDT)] DEBUG [Action] Instantiating action: scrap
[Thu Sep 11 2014 00:16:21 GMT+0300 (IDT)] INFO [CAT] running target: custom-plugin
[Thu Sep 11 2014 00:16:21 GMT+0300 (IDT)] DEBUG [Action] Instantiating action: custom-plugin
[Thu Sep 11 2014 00:16:23 GMT+0300 (IDT)] INFO [CAT] running target: scrap-common
[Thu Sep 11 2014 00:16:23 GMT+0300 (IDT)] DEBUG [Action] Instantiating action: scrap-common
[Thu Sep 11 2014 00:16:23 GMT+0300 (IDT)] INFO [CAT] running target: scrap-sencha
[Thu Sep 11 2014 00:16:23 GMT+0300 (IDT)] DEBUG [Action] Instantiating action: scrap-sencha
[Thu Sep 11 2014 00:16:23 GMT+0300 (IDT)] INFO [CAT] running target: scrap-jqm
[Thu Sep 11 2014 00:16:23 GMT+0300 (IDT)] DEBUG [Action] Instantiating action: scrap-jqm
[Thu Sep 11 2014 00:16:23 GMT+0300 (IDT)] INFO [CAT] running target: scrap-enyo
[Thu Sep 11 2014 00:16:23 GMT+0300 (IDT)] DEBUG [Action] Instantiating action: scrap-enyo
[Thu Sep 11 2014 00:16:23 GMT+0300 (IDT)] INFO [base extension] Initialized
[Thu Sep 11 2014 00:16:23 GMT+0300 (IDT)] INFO [CAT] running target: inject
[Thu Sep 11 2014 00:16:23 GMT+0300 (IDT)] DEBUG [Action] Instantiating action: inject
[Thu Sep 11 2014 00:16:23 GMT+0300 (IDT)] INFO [CAT] running target: custom-plugin
[Thu Sep 11 2014 00:16:23 GMT+0300 (IDT)] DEBUG [Action] Instantiating action: custom-plugin
[Thu Sep 11 2014 00:16:23 GMT+0300 (IDT)] DEBUG "[cat mdata] CAT metadata file loaded successfully "
[Thu Sep 11 2014 00:16:23 GMT+0300 (IDT)] DEBUG "[inject ext] Source file '/home/arik/dev/projects/lastboy/jqueryspa/cat-project/src/jqueryspa-test/js/config.js' created"
[Thu Sep 11 2014 00:16:23 GMT+0300 (IDT)] DEBUG "[inject ext] CAT metadata file saved successfully "
[Thu Sep 11 2014 00:16:23 GMT+0300 (IDT)] DEBUG "[inject ext] Source file '/home/arik/dev/projects/lastboy/jqueryspa/cat-project/src/jqueryspa-test/js/controllers/app.js' created"
[Thu Sep 11 2014 00:16:23 GMT+0300 (IDT)] DEBUG "[inject ext] CAT metadata file saved successfully "
[Thu Sep 11 2014 00:16:23 GMT+0300 (IDT)] INFO [CAT] running target: minify
[Thu Sep 11 2014 00:16:23 GMT+0300 (IDT)] DEBUG [Action] Instantiating action: minify
[Thu Sep 11 2014 00:16:23 GMT+0300 (IDT)] INFO [base extension] Initialized
[Thu Sep 11 2014 00:16:23 GMT+0300 (IDT)] INFO [CAT] running target: webserver
[Thu Sep 11 2014 00:16:23 GMT+0300 (IDT)] DEBUG [Action] Instantiating action: webserver
[Thu Sep 11 2014 00:16:23 GMT+0300 (IDT)] INFO "[webserver ext] Server started"
[Thu Sep 11 2014 00:27:13 GMT+0300 (IDT)] INFO 

[CAT] Initial LOG -----------------------------------------------------------------------
[Thu Sep 11 2014 00:27:13 GMT+0300 (IDT)] INFO [CAT] Initial CAT process: 3270
[Thu Sep 11 2014 00:27:13 GMT+0300 (IDT)] DEBUG [CAT] Initial, current location: /home/arik/dev/projects/lastboy/jqueryspa/cat-project
[Thu Sep 11 2014 00:27:13 GMT+0300 (IDT)] DEBUG [CAT] Initial, command line arguments: {"task":["t@clean","t@init","t@scrap","t@inject","t@server.start"],"argv":{"remain":[],"cooked":["--task","t@clean","--task","t@init","--task","t@scrap","--task","t@inject","--task","t@server.start"],"original":["-cbs"]},"home":{"path":"/home/arik/dev/projects/lastboy/catjs","working":{"path":"/home/arik/dev/projects/lastboy/jqueryspa/cat-project"}}}
[Thu Sep 11 2014 00:27:13 GMT+0300 (IDT)] INFO watch: false kill: -1 process: 3270
[Thu Sep 11 2014 00:27:13 GMT+0300 (IDT)] WARNING [CAT Config] Missing 'dependencies' configuration section
[Thu Sep 11 2014 00:27:13 GMT+0300 (IDT)] DEBUG "[cat config] Project's resource '/home/arik/dev/projects/lastboy/jqueryspa/cat-project/src/' already exists"
[Thu Sep 11 2014 00:27:13 GMT+0300 (IDT)] DEBUG "[cat config] Project's resource '/home/arik/dev/projects/lastboy/jqueryspa/cat-project/target/' already exists"
[Thu Sep 11 2014 00:27:13 GMT+0300 (IDT)] WARNING "[utils resolver] the object was partially resolved, check your query: scrapfilter"
[Thu Sep 11 2014 00:27:13 GMT+0300 (IDT)] WARNING "[cat config] No valid configuration, missing 'scrapfilter' entry"
[Thu Sep 11 2014 00:27:13 GMT+0300 (IDT)] WARNING "[utils resolver] the object was partially resolved, check your query: dependencies"
[Thu Sep 11 2014 00:27:13 GMT+0300 (IDT)] WARNING "[cat config] No valid configuration, missing 'dependencies' entry"
[Thu Sep 11 2014 00:27:13 GMT+0300 (IDT)] INFO [base extension] Initialized
[Thu Sep 11 2014 00:27:13 GMT+0300 (IDT)] INFO [CAT] running target: clean
[Thu Sep 11 2014 00:27:13 GMT+0300 (IDT)] DEBUG [Action] Instantiating action: clean
[Thu Sep 11 2014 00:27:13 GMT+0300 (IDT)] INFO [base extension] Initialized
[Thu Sep 11 2014 00:27:13 GMT+0300 (IDT)] INFO [CAT] running target: copy
[Thu Sep 11 2014 00:27:13 GMT+0300 (IDT)] DEBUG [Action] Instantiating action: copy
[Thu Sep 11 2014 00:27:13 GMT+0300 (IDT)] INFO [CAT] running target: libraries
[Thu Sep 11 2014 00:27:13 GMT+0300 (IDT)] DEBUG [Action] Instantiating action: libraries
[Thu Sep 11 2014 00:27:13 GMT+0300 (IDT)] INFO [CAT] running target: copy
[Thu Sep 11 2014 00:27:13 GMT+0300 (IDT)] DEBUG [Action] Instantiating action: copy
[Thu Sep 11 2014 00:27:13 GMT+0300 (IDT)] INFO [CAT] running target: fileparse
[Thu Sep 11 2014 00:27:13 GMT+0300 (IDT)] DEBUG [Action] Instantiating action: fileparse
[Thu Sep 11 2014 00:27:13 GMT+0300 (IDT)] INFO [CAT] running target: copy
[Thu Sep 11 2014 00:27:13 GMT+0300 (IDT)] DEBUG [Action] Instantiating action: copy
[Thu Sep 11 2014 00:27:13 GMT+0300 (IDT)] INFO [CAT] running target: scrap-common
[Thu Sep 11 2014 00:27:13 GMT+0300 (IDT)] DEBUG [Action] Instantiating action: scrap-common
[Thu Sep 11 2014 00:27:13 GMT+0300 (IDT)] INFO [CAT] running target: scrap-sencha
[Thu Sep 11 2014 00:27:13 GMT+0300 (IDT)] DEBUG [Action] Instantiating action: scrap-sencha
[Thu Sep 11 2014 00:27:13 GMT+0300 (IDT)] INFO [CAT] running target: scrap-jqm
[Thu Sep 11 2014 00:27:13 GMT+0300 (IDT)] DEBUG [Action] Instantiating action: scrap-jqm
[Thu Sep 11 2014 00:27:13 GMT+0300 (IDT)] INFO [CAT] running target: scrap-vnc
[Thu Sep 11 2014 00:27:13 GMT+0300 (IDT)] DEBUG [Action] Instantiating action: scrap-vnc
[Thu Sep 11 2014 00:27:13 GMT+0300 (IDT)] INFO [CAT] running target: scrap-enyo
[Thu Sep 11 2014 00:27:13 GMT+0300 (IDT)] DEBUG [Action] Instantiating action: scrap-enyo
[Thu Sep 11 2014 00:27:13 GMT+0300 (IDT)] INFO [base extension] Initialized
[Thu Sep 11 2014 00:27:13 GMT+0300 (IDT)] INFO [CAT] running target: scrap
[Thu Sep 11 2014 00:27:13 GMT+0300 (IDT)] DEBUG [Action] Instantiating action: scrap
[Thu Sep 11 2014 00:27:13 GMT+0300 (IDT)] INFO [CAT] running target: custom-plugin
[Thu Sep 11 2014 00:27:13 GMT+0300 (IDT)] DEBUG [Action] Instantiating action: custom-plugin
[Thu Sep 11 2014 00:27:15 GMT+0300 (IDT)] INFO [CAT] running target: scrap-common
[Thu Sep 11 2014 00:27:15 GMT+0300 (IDT)] DEBUG [Action] Instantiating action: scrap-common
[Thu Sep 11 2014 00:27:15 GMT+0300 (IDT)] INFO [CAT] running target: scrap-sencha
[Thu Sep 11 2014 00:27:15 GMT+0300 (IDT)] DEBUG [Action] Instantiating action: scrap-sencha
[Thu Sep 11 2014 00:27:15 GMT+0300 (IDT)] INFO [CAT] running target: scrap-jqm
[Thu Sep 11 2014 00:27:15 GMT+0300 (IDT)] DEBUG [Action] Instantiating action: scrap-jqm
[Thu Sep 11 2014 00:27:15 GMT+0300 (IDT)] INFO [CAT] running target: scrap-enyo
[Thu Sep 11 2014 00:27:15 GMT+0300 (IDT)] DEBUG [Action] Instantiating action: scrap-enyo
[Thu Sep 11 2014 00:27:15 GMT+0300 (IDT)] INFO [base extension] Initialized
[Thu Sep 11 2014 00:27:15 GMT+0300 (IDT)] INFO [CAT] running target: inject
[Thu Sep 11 2014 00:27:15 GMT+0300 (IDT)] DEBUG [Action] Instantiating action: inject
[Thu Sep 11 2014 00:27:15 GMT+0300 (IDT)] INFO [CAT] running target: custom-plugin
[Thu Sep 11 2014 00:27:15 GMT+0300 (IDT)] DEBUG [Action] Instantiating action: custom-plugin
[Thu Sep 11 2014 00:27:15 GMT+0300 (IDT)] DEBUG "[cat mdata] CAT metadata file loaded successfully "
[Thu Sep 11 2014 00:27:15 GMT+0300 (IDT)] DEBUG "[inject ext] Source file '/home/arik/dev/projects/lastboy/jqueryspa/cat-project/src/jqueryspa-test/js/config.js' created"
[Thu Sep 11 2014 00:27:15 GMT+0300 (IDT)] DEBUG "[inject ext] CAT metadata file saved successfully "
[Thu Sep 11 2014 00:27:15 GMT+0300 (IDT)] DEBUG "[inject ext] Source file '/home/arik/dev/projects/lastboy/jqueryspa/cat-project/src/jqueryspa-test/js/controllers/app.js' created"
[Thu Sep 11 2014 00:27:15 GMT+0300 (IDT)] DEBUG "[inject ext] CAT metadata file saved successfully "
[Thu Sep 11 2014 00:27:15 GMT+0300 (IDT)] INFO [CAT] running target: minify
[Thu Sep 11 2014 00:27:15 GMT+0300 (IDT)] DEBUG [Action] Instantiating action: minify
[Thu Sep 11 2014 00:27:15 GMT+0300 (IDT)] INFO [base extension] Initialized
[Thu Sep 11 2014 00:27:15 GMT+0300 (IDT)] INFO [CAT] running target: webserver
[Thu Sep 11 2014 00:27:15 GMT+0300 (IDT)] DEBUG [Action] Instantiating action: webserver
[Thu Sep 11 2014 00:27:15 GMT+0300 (IDT)] INFO "[webserver ext] Server started"
